<?xml version="1.0" encoding="UTF-8"?>
<testsuite xmlns:xsi="http://www.w3.org/2001/XMLSchema-instance" xsi:noNamespaceSchemaLocation="https://maven.apache.org/surefire/maven-surefire-plugin/xsd/surefire-test-report-3.0.xsd" version="3.0" name="org.flowable.ui.application.FlowableUiIdmApplicationLdapAuthenticationTest" time="1.6" tests="3" errors="0" skipped="0" failures="0">
  <properties>
[...]
</properties>
  <testcase name="authenticateWithWrongPasswordOverLdap" classname="org.flowable.ui.application.FlowableUiIdmApplicationLdapAuthenticationTest" time="0.056"/>
  <testcase name="authenticateOverLdap" classname="org.flowable.ui.application.FlowableUiIdmApplicationLdapAuthenticationTest" time="0.006"/>
  <testcase name="authenticateWithNonExistingUserOverLdap" classname="org.flowable.ui.application.FlowableUiIdmApplicationLdapAuthenticationTest" time="0.005"/>
</testsuite>